nohup: ignoring input
restack_win(0x0040013a, 0x0100001c): Failed to found new above window.
[    65.223037 ] [    69.147654 ] [  1327.507276 ] [  1330.600827 ] [  1554.298433 ] [  1556.227972 ] [  1556.228035 ] [  1556.228047 ] [  1556.228057 ] [  1556.228065 ] [  1556.228072 ] [  1556.228080 ] [  1556.228087 ] [  1556.297643 ] [  1556.297704 ] [  1556.297711 ] [  1556.297717 ] [  1556.297722 ] [  1556.297728 ] [  1556.297735 ] [  1556.297740 ] [  1556.297746 ] [  1556.297751 ] [  2280.092142 ] [  2280.092170 ] [  2280.092176 ] [  2280.141647 ] [  2535.170160 ] [  2535.170409 ] [  2535.170439 ] [  2535.170447 ] [  2535.251898 ] [  2703.166599 ] [  2703.166677 ] [  2703.166686 ] [  2703.166691 ] [  2703.206317 ] [  2811.371080 ] [  2811.371161 ] [  2811.371169 ] [  2811.371175 ] [  2811.435468 ] [  3002.566039 ] [  3002.566111 ] [  3002.566123 ] [  3002.566131 ] error    3 BadWindow    request    2 minor    0 serial   5398: "BadWindow (invalid Window parameter)"
error    3 BadWindow    request    2 minor    0 serial   5861: "BadWindow (invalid Window parameter)"
error  152 XCB_DAMAGE_BAD_DAMAGE request  144 minor    2 serial   5452: "152"
error  152 XCB_DAMAGE_BAD_DAMAGE request  144 minor    2 serial   5534: "152"
error    3 BadWindow    request    2 minor    0 serial  14141: "BadWindow (invalid Window parameter)"
error  152 XCB_DAMAGE_BAD_DAMAGE request  144 minor    3 serial  14528: "152"
error  152 XCB_DAMAGE_BAD_DAMAGE request  144 minor    3 serial  14533: "152"
error    3 BadWindow    request    2 minor    0 serial  14550: "BadWindow (invalid Window parameter)"
error    3 BadWindow    request    2 minor    0 serial  14551: "BadWindow (invalid Window parameter)"
error    3 BadWindow    request  130 minor    6 serial  14552: "BadWindow (invalid Window parameter)"
error    3 BadWindow    request    2 minor    0 serial  14586: "BadWindow (invalid Window parameter)"
error    3 BadWindow    request    2 minor    0 serial  14587: "BadWindow (invalid Window parameter)"
error    3 BadWindow    request  130 minor    6 serial  14588: "BadWindow (invalid Window parameter)"
error  152 XCB_DAMAGE_BAD_DAMAGE request  144 minor    2 serial  14602: "152"
error  152 XCB_DAMAGE_BAD_DAMAGE request  144 minor    2 serial  14603: "152"
error  152 XCB_DAMAGE_BAD_DAMAGE request  144 minor    2 serial  14604: "152"
error  152 XCB_DAMAGE_BAD_DAMAGE request  144 minor    2 serial  14605: "152"
error  152 XCB_DAMAGE_BAD_DAMAGE request  144 minor    2 serial  14606: "152"
error  152 XCB_DAMAGE_BAD_DAMAGE request  144 minor    2 serial  14607: "152"
error  152 XCB_DAMAGE_BAD_DAMAGE request  144 minor    2 serial  14608: "152"
error  152 XCB_DAMAGE_BAD_DAMAGE request  144 minor    2 serial  14613: "152"
error  152 XCB_DAMAGE_BAD_DAMAGE request  144 minor    2 serial  14614: "152"
error  152 XCB_DAMAGE_BAD_DAMAGE request  144 minor    2 serial  14619: "152"
error    3 BadWindow    request    2 minor    0 serial  44963: "BadWindow (invalid Window parameter)"
error    3 BadWindow    request    2 minor    0 serial  44964: "BadWindow (invalid Window parameter)"
error    3 BadWindow    request  130 minor    6 serial  44965: "BadWindow (invalid Window parameter)"
error  152 XCB_DAMAGE_BAD_DAMAGE request  144 minor    2 serial  45002: "152"
error  152 XCB_DAMAGE_BAD_DAMAGE request  144 minor    3 serial  50010: "152"
error    3 BadWindow    request    2 minor    0 serial  50033: "BadWindow (invalid Window parameter)"
error    3 BadWindow    request    2 minor    0 serial  50034: "BadWindow (invalid Window parameter)"
error    3 BadWindow    request  130 minor    6 serial  50035: "BadWindow (invalid Window parameter)"
error  152 XCB_DAMAGE_BAD_DAMAGE request  144 minor    2 serial  50042: "152"
error  152 XCB_DAMAGE_BAD_DAMAGE request  144 minor    3 serial  58831: "152"
error    3 BadWindow    request    2 minor    0 serial  58854: "BadWindow (invalid Window parameter)"
error    3 BadWindow    request    2 minor    0 serial  58855: "BadWindow (invalid Window parameter)"
error    3 BadWindow    request  130 minor    6 serial  58856: "BadWindow (invalid Window parameter)"
error  152 XCB_DAMAGE_BAD_DAMAGE request  144 minor    2 serial  58865: "152"
error  152 XCB_DAMAGE_BAD_DAMAGE request  144 minor    3 serial  64741: "152"
error    3 BadWindow    request    2 minor    0 serial  64769: "BadWindow (invalid Window parameter)"
error    3 BadWindow    request    2 minor    0 serial  64770: "BadWindow (invalid Window parameter)"
error    3 BadWindow    request  130 minor    6 serial  64771: "BadWindow (invalid Window parameter)"
error  152 XCB_DAMAGE_BAD_DAMAGE request  144 minor    2 serial  64778: "152"
error  152 XCB_DAMAGE_BAD_DAMAGE request  144 minor    3 serial  13008: "152"
error    3 BadWindow    request    2 minor    0 serial  13036: "BadWindow (invalid Window parameter)"
error    3 BadWindow    request    2 minor    0 serial  13037: "BadWindow (invalid Window parameter)"
error    3 BadWindow    request  1[  3002.606855 ] [  3125.187435 ] [  3125.187469 ] [  3125.187477 ] [  3125.187484 ] [  3125.250446 ] [  3225.289449 ] [  3225.289472 ] [  3225.289477 ] [  3225.358204 ] [  3345.996723 ] [  3345.996751 ] [  3345.996756 ] [  3346.052911 ] [  3389.426518 ] [  3389.426549 ] [  3389.426556 ] [  3389.426561 ] [  3389.469715 ] [  3604.132435 ] [  3604.132458 ] [  3604.132464 ] [  3604.193189 ] [  3654.388673 ] [  3654.388696 ] [  3654.388701 ] [  3654.447264 ] [  3808.284618 ] [  3811.953481 ] [  3811.953514 ] [  3811.953520 ] [  3811.953525 ] [  3812.009691 ] [  3831.349437 ] [  3831.349502 ] [  3831.349508 ] [  3831.384318 ] [  3883.790588 ] [  3883.790650 ] [  3883.790656 ] [  3883.826362 ] [  3888.947608 ] [  3888.947635 ] 30 minor    6 serial  13038: "BadWindow (invalid Window parameter)"
error  152 XCB_DAMAGE_BAD_DAMAGE request  144 minor    2 serial  13047: "152"
error  152 XCB_DAMAGE_BAD_DAMAGE request  144 minor    3 serial  17738: "152"
error    3 BadWindow    request    2 minor    0 serial  17766: "BadWindow (invalid Window parameter)"
error    3 BadWindow    request    2 minor    0 serial  17767: "BadWindow (invalid Window parameter)"
error    3 BadWindow    request  130 minor    6 serial  17768: "BadWindow (invalid Window parameter)"
error  152 XCB_DAMAGE_BAD_DAMAGE request  144 minor    2 serial  17775: "152"
error    3 BadWindow    request    2 minor    0 serial  22454: "BadWindow (invalid Window parameter)"
error    3 BadWindow    request    2 minor    0 serial  22455: "BadWindow (invalid Window parameter)"
error    3 BadWindow    request  130 minor    6 serial  22456: "BadWindow (invalid Window parameter)"
error  152 XCB_DAMAGE_BAD_DAMAGE request  144 minor    2 serial  22468: "152"
error    3 BadWindow    request    2 minor    0 serial  27633: "BadWindow (invalid Window parameter)"
error    3 BadWindow    request    2 minor    0 serial  27634: "BadWindow (invalid Window parameter)"
error    3 BadWindow    request  130 minor    6 serial  27635: "BadWindow (invalid Window parameter)"
error  152 XCB_DAMAGE_BAD_DAMAGE request  144 minor    2 serial  27647: "152"
error  152 XCB_DAMAGE_BAD_DAMAGE request  144 minor    3 serial  29211: "152"
error    3 BadWindow    request    2 minor    0 serial  29239: "BadWindow (invalid Window parameter)"
error    3 BadWindow    request    2 minor    0 serial  29240: "BadWindow (invalid Window parameter)"
error    3 BadWindow    request  130 minor    6 serial  29241: "BadWindow (invalid Window parameter)"
error  152 XCB_DAMAGE_BAD_DAMAGE request  144 minor    2 serial  29250: "152"
error    3 BadWindow    request    2 minor    0 serial  37012: "BadWindow (invalid Window parameter)"
error    3 BadWindow    request    2 minor    0 serial  37013: "BadWindow (invalid Window parameter)"
error    3 BadWindow    request  130 minor    6 serial  37014: "BadWindow (invalid Window parameter)"
error  152 XCB_DAMAGE_BAD_DAMAGE request  144 minor    2 serial  37021: "152"
error    3 BadWindow    request    2 minor    0 serial  39480: "BadWindow (invalid Window parameter)"
error    3 BadWindow    request    2 minor    0 serial  39481: "BadWindow (invalid Window parameter)"
error    3 BadWindow    request  130 minor    6 serial  39482: "BadWindow (invalid Window parameter)"
error  152 XCB_DAMAGE_BAD_DAMAGE request  144 minor    2 serial  39489: "152"
error    3 BadWindow    request    2 minor    0 serial  46440: "BadWindow (invalid Window parameter)"
error  152 XCB_DAMAGE_BAD_DAMAGE request  144 minor    3 serial  46632: "152"
error    3 BadWindow    request    2 minor    0 serial  46660: "BadWindow (invalid Window parameter)"
error    3 BadWindow    request    2 minor    0 serial  46661: "BadWindow (invalid Window parameter)"
error    3 BadWindow    request  130 minor    6 serial  46662: "BadWindow (invalid Window parameter)"
error  152 XCB_DAMAGE_BAD_DAMAGE request  144 minor    2 serial  46669: "152"
error    3 BadWindow    request    2 minor    0 serial  47968: "BadWindow (invalid Window parameter)"
error    3 BadWindow    request    2 minor    0 serial  47969: "BadWindow (invalid Window parameter)"
error    3 BadWindow    request  130 minor    6 serial  47970: "BadWindow (invalid Window parameter)"
error  152 XCB_DAMAGE_BAD_DAMAGE request  144 minor    2 serial  47989: "152"
error    3 BadWindow    request    2 minor    0 serial  50683: "BadWindow (invalid Window parameter)"
error    3 BadWindow    request    2 minor    0 serial  50684: "BadWindow (invalid Window parameter)"
error    3 BadWindow    request  130 minor    6 serial  50685: "BadWindow (invalid Window parameter)"
error  152 XCB_DAMAGE_BAD_DAMAGE request  144 minor    2 serial  50704: "152"
error    3 BadWindow    request    2 minor    0 serial  51084: "BadWindow (invalid Window parameter)"
error    3 BadWindow    request    2 minor    0 serial  [  3888.947646 ] [  3889.009753 ] [  3901.319355 ] [  3901.319425 ] [  3901.319431 ] [  3901.367265 ] [  3941.073251 ] [  3941.073318 ] [  3941.073327 ] [  3941.073332 ] [  3941.144787 ] [  4036.924359 ] [  4036.924422 ] [  4036.924428 ] [  4036.996691 ] [  4369.085862 ] [  4369.085897 ] [  4369.085903 ] [  4369.156183 ] [  4372.235651 ] [  4386.864325 ] [  4386.864348 ] [  4386.864354 ] [  4386.931762 ] [  4577.854806 ] [  4577.854827 ] [  4577.854833 ] [  4577.929140 ] [  4579.512003 ] [  4608.572450 ] [  4608.572473 ] [  4608.572479 ] [  4608.637915 ] [  4611.425186 ] [ 11477.587655 ] [ 11500.918626 ] [ 11500.918659 ] [ 11500.918666 ] [ 11500.918671 ] [ 11500.995200 ] 