
:: Synchronizing package databases...
 core is up to date
 extra is up to date
 community is up to date
 multilib is up to date
resolving dependencies...
looking for conflicting packages...

Packages (1) fish-3.0.1-1

Total Installed Size:  10.26 MiB
Net Upgrade Size:       0.00 MiB

:: Proceed with installation? [Y/n] 
checking keyring...
checking package integrity...
loading package files...
checking for file conflicts...
checking available disk space...
:: Processing package changes...
reinstalling fish...
:: Running post-transaction hooks...
(1/1) Arming ConditionNeedsUpdate...
:: Synchronizing package databases...
 core is up to date
 extra is up to date
 community is up to date
 multilib is up to date
resolving dependencies...
looking for conflicting packages...

Packages (1) python-pywal-3.3.0-1

Total Download Size:   0.07 MiB
Total Installed Size:  0.28 MiB

:: Proceed with installation? [Y/n] 
:: Retrieving packages...
downloading python-pywal-3.3.0-1-any.pkg.tar.xz...
checking keyring...
checking package integrity...
loading package files...
checking for file conflicts...
checking available disk space...
:: Processing package changes...
installing python-pywal...
Optional dependencies for python-pywal
    feh: set wallpaper
    nitrogen: set wallpaper [installed]
    python2: reload gtk2 themes on the fly [installed]
:: Running post-transaction hooks...
(1/1) Arming ConditionNeedsUpdate...
:: Synchronizing package databases...
 core is up to date
 extra is up to date
 community is up to date
 multilib is up to date
resolving dependencies...
looking for conflicting packages...

Packages (3) powerline-common-2.7-2  python-powerline-2.7-2  powerline-2.7-2

Total Download Size:   0.33 MiB
Total Installed Size:  1.75 MiB

:: Proceed with installation? [Y/n] 
:: Retrieving packages...
downloading powerline-common-2.7-2-x86_64.pkg.tar.xz...
downloading python-powerline-2.7-2-x86_64.pkg.tar.xz...
downloading powerline-2.7-2-x86_64.pkg.tar.xz...
checking keyring...
checking package integrity...
loading package files...
checking for file conflicts...
checking available disk space...
:: Processing package changes...
installing powerline-common...
installing python-powerline...
Optional dependencies for python-powerline
    python-psutil: improved system information [installed]
    python-pygit2: improved git support
    powerline-vim: vim plugin
    powerline-fonts: patched fonts for powerline
installing powerline...
:: Running post-transaction hooks...
(1/1) Arming ConditionNeedsUpdate...
:: Synchronizing package databases...
 core is up to date
 extra is up to date
 community is up to date
 multilib is up to date
resolving dependencies...
looking for conflicting packages...

Packages (1) powerline-fonts-2.7-2

Total Download Size:   0.00 MiB
Total Installed Size:  0.01 MiB

:: Proceed with installation? [Y/n] 
:: Retrieving packages...
downloading powerline-fonts-2.7-2-x86_64.pkg.tar.xz...
checking keyring...
checking package integrity...
loading package files...
checking for file conflicts...
checking available disk space...
:: Processing package changes...
installing powerline-fonts...
:: Running post-transaction hooks...
(1/3) Updating fontconfig cache...
(2/3) Arming ConditionNeedsUpdate...
(3/3) Updating X fontdir indices...
:: Synchronizing package databases...
 core is up to date
 extra is up to date
 community is up to date
 multilib is up to date
resolving dependencies...
looking for conflicting packages...

Packages (3) jsoncpp-1.8.4-2  libmpdclient-2.16-1  polybar-3.3.0-1

Total Download Size:   1.81 MiB
Total Installed Size:  4.75 MiB

:: Proceed with installation? [Y/n] 
:: Retrieving packages...
downloading jsoncpp-1.8.4-2-x86_64.pkg.tar.xz...
downloading libmpdclient-2.16-1-x86_64.pkg.tar.xz...
downloading polybar-3.3.0-1-x86_64.pkg.tar.xz...
checking keyring...
checking package integrity...
loading package files...
checking for file conflicts...
checking available disk space...
:: Processing package changes...
installing jsoncpp...
Optional dependencies for jsoncpp
    jsoncpp-doc: documentation
installing libmpdclient...
installing polybar...

  Get started with the example configuration:

    $ install -Dm644 /usr/share/doc/polybar/config $HOME/.config/polybar/config
    $ polybar example

  For more information, see https://github.com/jaagr/polybar/wiki

Optional dependencies for polybar
    i3-wm: i3 window manager [installed]
    ttf-unifont: Font used in example config
    siji-git: Font used in example config
:: Running post-transaction hooks...
(1/1) Arming ConditionNeedsUpdate...
:: Synchronizing package databases...
 core is up to date
 extra is up to date
 community is up to date
 multilib is up to date
resolving dependencies...
looking for conflicting packages...

Packages (1) neofetch-6.0.0-1

Total Download Size:   0.07 MiB
Total Installed Size:  0.28 MiB

:: Proceed with installation? [Y/n] 
:: Retrieving packages...
downloading neofetch-6.0.0-1-any.pkg.tar.xz...
checking keyring...
checking package integrity...
loading package files...
checking for file conflicts...
checking available disk space...
:: Processing package changes...
installing neofetch...
Optional dependencies for neofetch
    catimg: Display Images
    chafa: Image to text support
    feh: Wallpaper Display
    imagemagick: Image cropping / Thumbnail creation / Take a screenshot [installed]
    jp2a: Display Images
    libcaca: Display Images [installed]
    nitrogen: Wallpaper Display [installed]
    pacman-contrib: Display package count [installed]
    w3m: Display Images [installed]
    xdotool: See https://github.com/dylanaraps/neofetch/wiki/Images-in-the-terminal [installed]
    xorg-xdpyinfo: Resolution detection (Single Monitor) [installed]
    xorg-xprop: Desktop Environment and Window Manager [installed]
    xorg-xrandr: Resolution detection (Multi Monitor + Refresh rates) [installed]
    xorg-xwininfo: See https://github.com/dylanaraps/neofetch/wiki/Images-in-the-terminal
:: Running post-transaction hooks...
(1/1) Arming ConditionNeedsUpdate...
:: Synchronizing package databases...
 core is up to date
 extra is up to date
 community is up to date
 multilib is up to date
resolving dependencies...
looking for conflicting packages...

Packages (1) unzip-6.0-13

Total Download Size:   0.13 MiB
Total Installed Size:  0.34 MiB

:: Proceed with installation? [Y/n] 
:: Retrieving packages...
downloading unzip-6.0-13-x86_64.pkg.tar.xz...
checking keyring...
checking package integrity...
loading package files...
checking for file conflicts...
checking available disk space...
:: Processing package changes...
installing unzip...
:: Running post-transaction hooks...
(1/1) Arming ConditionNeedsUpdate...
:: Synchronizing package databases...
 core is up to date
 extra is up to date
 community is up to date
 multilib is up to date
resolving dependencies...
looking for conflicting packages...

Packages (1) yay-9.1.0-1.0

Total Download Size:   1.74 MiB
Total Installed Size:  5.70 MiB

:: Proceed with installation? [Y/n] 
:: Retrieving packages...
downloading yay-9.1.0-1.0-x86_64.pkg.tar.xz...
checking keyring...
checking package integrity...
loading package files...
checking for file conflicts...
checking available disk space...
:: Processing package changes...
installing yay...
:: Running post-transaction hooks...
(1/1) Arming ConditionNeedsUpdate...
:: Synchronizing package databases...
 core is up to date
 extra is up to date
 community is up to date
 multilib is up to date
resolving dependencies...
looking for conflicting packages...

Packages (7) bullet-2.88-1  efl-1.21.1-2  libspectre-0.2.8-2  libxp-1.0.3-2  luajit-2.0.5-2  openjpeg-1.5.2-2  terminology-1.3.2-1

Total Download Size:    54.12 MiB
Total Installed Size:  198.41 MiB

:: Proceed with installation? [Y/n] 
:: Retrieving packages...
downloading bullet-2.88-1-x86_64.pkg.tar.xz...
downloading libxp-1.0.3-2-x86_64.pkg.tar.xz...
downloading openjpeg-1.5.2-2-x86_64.pkg.tar.xz...
downloading libspectre-0.2.8-2-x86_64.pkg.tar.xz...
downloading efl-1.21.1-2-x86_64.pkg.tar.xz...
downloading terminology-1.3.2-1-x86_64.pkg.tar.xz...
downloading luajit-2.0.5-2-x86_64.pkg.tar.xz...
checking keyring...
checking package integrity...
loading package files...
checking for file conflicts...
checking available disk space...
:: Processing package changes...
installing bullet...
Optional dependencies for bullet
    glu: for the example browser [installed]
    python: python bindings [installed]
    python-numpy: python bindings
    bullet-docs: documentation
installing luajit...
installing libxp...
installing openjpeg...
Optional dependencies for openjpeg
    lcms2: j2k_to_image and image_to_j2k programs [installed]
    libpng: j2k_to_image and image_to_j2k programs [installed]
installing libspectre...
installing efl...
Optional dependencies for efl
    python2: einabench-cmp [installed]
    libreoffice: thumbnailing for DOC/PPT/XLS files
installing terminology...
:: Running post-transaction hooks...
(1/4) Updating icon theme caches...
(2/4) Arming ConditionNeedsUpdate...
(3/4) Updating the desktop file MIME type cache...
(4/4) Updating the MIME type database...
:: Synchronizing package databases...
 core is up to date
 extra is up to date
 community is up to date
 multilib is up to date
